2024-12-23 18:56:46,649 INFO c.s.i.Main [main] The job contract with Peter Parker is signed.
2024-12-23 18:56:46,653 INFO c.s.i.Main [main] Peter Parker is programming now.
2024-12-23 18:56:46,654 INFO c.s.i.Main [main] Peter Parker earns 10000.00 USD per month.
2024-12-23 18:56:46,657 INFO c.s.i.Main [main] CEO: Duncan MacLeod
2024-12-23 18:56:46,665 INFO c.s.i.Main [main] SoftwareDeveloper{firstName='Peter', lastName='Parker', birthDay='1988-05-26', telephoneNumber='+48700000000', email='p.parker@gmail.com', contract=EmployeeJobContract{positionName='Senior Java Developer'startDateOfContract='2024-12-23'salaryInUSDPerMonth='10000.00'}, positionName='Senior Java Developer', salaryInUSDPerMonth=10000.00, programmingLanguages=[Java]}
2024-12-23 18:56:46,671 INFO c.s.i.Main [main] CEO{firstName='Duncan', lastName='MacLeod', birthDay='1959-05-29', telephoneNumber='+48500000000', email='d.macleod@gmail.com', contract=EmployeeJobContract{positionName='CEO'startDateOfContract='2024-12-23'salaryInUSDPerMonth='50000.00'}, positionName='CEO', salaryInUSDPerMonth=50000.00}
2024-12-23 18:56:46,674 INFO c.s.i.Main [main] Staff: 2
2024-12-23 18:56:46,682 INFO c.s.i.Main [main] Peter Parker BloodType{bloodGroup=A, bloodFactor=Rh+}
2024-12-23 18:56:46,683 INFO c.s.i.Main [main] Duncan MacLeod BloodType{bloodGroup=B, bloodFactor=Rh-}
2024-12-23 18:56:46,687 INFO c.s.i.Main [main] 10000.00: [SoftwareDeveloper{firstName='Peter', lastName='Parker', birthDay='1988-05-26', telephoneNumber='+48700000000', email='p.parker@gmail.com', contract=EmployeeJobContract{positionName='Senior Java Developer'startDateOfContract='2024-12-23'salaryInUSDPerMonth='10000.00'}, positionName='Senior Java Developer', salaryInUSDPerMonth=10000.00, programmingLanguages=[Java]}]
2024-12-23 18:56:46,687 INFO c.s.i.Main [main] 50000.00: [CEO{firstName='Duncan', lastName='MacLeod', birthDay='1959-05-29', telephoneNumber='+48500000000', email='d.macleod@gmail.com', contract=EmployeeJobContract{positionName='CEO'startDateOfContract='2024-12-23'salaryInUSDPerMonth='50000.00'}, positionName='CEO', salaryInUSDPerMonth=50000.00}]
2024-12-23 18:56:46,690 INFO c.s.i.Main [main] Peter Parker A Rh+
2024-12-23 18:56:46,693 INFO c.s.i.i.IProcess [main] Duncan MacLeod B Rh-
2024-12-23 18:56:46,693 INFO c.s.i.Main [main] true
2024-12-23 18:56:46,694 INFO c.s.i.Main [main] Hi Peter
2024-12-23 18:56:46,695 INFO c.s.i.Main [main] Parker
2024-12-23 18:56:46,696 INFO c.s.i.Main [main] false
2024-12-23 18:56:46,698 INFO c.s.i.Main [main] [PUBLIC, SUPER]
2024-12-23 18:56:46,699 INFO c.s.i.Main [main] class com.solvd.itcompany.Meeting
2024-12-23 18:56:46,700 INFO c.s.i.Main [main] [PRIVATE, STATIC, FINAL] int MASK
2024-12-23 18:56:46,700 INFO c.s.i.Main [main] [PRIVATE] class com.solvd.itcompany.Person jobApplicant
2024-12-23 18:56:46,701 INFO c.s.i.Main [main] [PUBLIC] com.solvd.itcompany.JobInterview [] []
2024-12-23 18:56:46,701 INFO c.s.i.Main [main] [PUBLIC] com.solvd.itcompany.JobInterview [class java.lang.String, class java.time.LocalDateTime, class java.time.LocalDateTime, interface java.util.List, class com.solvd.itcompany.Person] [class com.solvd.itcompany.exceptions.ZeroOrTooManyCharactersException, class com.solvd.itcompany.exceptions.DateTimeException, class com.solvd.itcompany.exceptions.TooManyPersonsException]
2024-12-23 18:56:46,702 INFO c.s.i.Main [main] [PUBLIC] boolean equals [class java.lang.Object] []
2024-12-23 18:56:46,702 INFO c.s.i.Main [main] [PUBLIC] class java.lang.String toString [] []
2024-12-23 18:56:46,703 INFO c.s.i.Main [main] [PUBLIC] int hashCode [] []
2024-12-23 18:56:46,703 INFO c.s.i.Main [main] [PUBLIC] void setJobApplicant [class com.solvd.itcompany.Person] []
2024-12-23 18:56:46,703 INFO c.s.i.Main [main] [PUBLIC] class com.solvd.itcompany.Person getJobApplicant [] []
2024-12-23 18:56:46,705 INFO c.s.i.Main [main] The accountant is accounting now.
2024-12-23 18:56:46,706 INFO c.s.i.Main [main] Super Task
